#
# A fatal error has been detected by the Java Runtime Environment:
#
#  EXCEPTION_ACCESS_VIOLATION (0xc0000005) at pc=0x000001c508fb1066, pid=6880, tid=0x0000000000002f44
#
# JRE version: OpenJDK Runtime Environment (8.0_265-b01) (build 1.8.0_265-b01)
# Java VM: OpenJDK 64-Bit Server VM (25.265-b01 mixed mode windows-amd64 compressed oops)
# Problematic frame:
# C  [OpenAL64.dll+0x11066]
#
# Failed to write core dump. Minidumps are not enabled by default on client versions of Windows
#
# If you would like to submit a bug report, please visit:
#   http://bugreport.java.com/bugreport/crash.jsp
# The crash happened outside the Java Virtual Machine in native code.
# See problematic frame for where to report the bug.
#

---------------  T H R E A D  ---------------

Current thread (0x000001c56c0dd800):  JavaThread "main" [_thread_in_native, id=12100, stack(0x0000006e26800000,0x0000006e26900000)]

siginfo: ExceptionCode=0xc0000005, reading address 0x000001c508c32004

Registers:
RAX=0x0000000000020003, RBX=0x000001c509600090, RCX=0x000001c508c32008, RDX=0x000001c508c32004
RSP=0x0000006e268fcd60, RBP=0x00000000000000ff, RSI=0x000001c508c25e8c, RDI=0x0000000000000000
R8 =0x000000000000305e, R9 =0x000001c508c25e8c, R10=0x000001c56da19622, R11=0x000000005d95ea10
R12=0x0000000000000001, R13=0x000001c509383f10, R14=0x0000006e268fcf00, R15=0x000001c56c0dd800
RIP=0x000001c508fb1066, EFLAGS=0x0000000000010202

Top of Stack: (sp=0x0000006e268fcd60)
0x0000006e268fcd60:   0000000000000000 0000000000000000
0x0000006e268fcd70:   0000000000000000 000001c56c0dd800
0x0000006e268fcd80:   0000006e268fcf00 000001c509383f10
0x0000006e268fcd90:   000001c56c0dd800 000001c56c0d7780
0x0000006e268fcda0:   000001c509383f10 0000000000000000
0x0000006e268fcdb0:   000001c56c0bc280 000000005d7f95a5
0x0000006e268fcdc0:   0000006e268fd690 000001c56c0de3f0
0x0000006e268fcdd0:   000001c56c0dd800 0000006e268fcf00
0x0000006e268fcde0:   000001c509383f10 0000000000000000
0x0000006e268fcdf0:   000001c508c25e8c 0000000000000248
0x0000006e268fce00:   0000006e268fcec8 000001c508fb248f
0x0000006e268fce10:   000001c509600090 000001c509600090
0x0000006e268fce20:   000000000000ac44 000001c500020003
0x0000006e268fce30:   000001c56da07bd0 000001c56da1964e
0x0000006e268fce40:   000001c509383f10 0000006e268fce48
0x0000006e268fce50:   000001c56da07bd0 000001c56da1935b 

Instructions: (pc=0x000001c508fb1066)
0x000001c508fb1046:   41 2b ec 81 3a 03 00 02 00 75 09 8b 01 89 84 24
0x000001c508fb1056:   c8 00 00 00 49 83 c0 02 48 83 c1 08 4a 8d 14 86
0x000001c508fb1066:   39 3a 75 af 4c 8d 84 24 c0 00 00 00 48 8d 15 d7
0x000001c508fb1076:   2b 03 00 33 c9 e8 58 5f 00 00 b8 40 1f 00 00 4c 


Register to memory mapping:

RAX=0x0000000000020003 is an unknown value
RBX=0x000001c509600090 is an unknown value
RCX=0x000001c508c32008 is an unknown value
RDX=0x000001c508c32004 is an unknown value
RSP=0x0000006e268fcd60 is pointing into the stack for thread: 0x000001c56c0dd800
RBP=0x00000000000000ff is an unknown value
RSI=0x000001c508c25e8c is an unknown value
RDI=0x0000000000000000 is an unknown value
R8 =0x000000000000305e is an unknown value
R9 =0x000001c508c25e8c is an unknown value
R10=0x000001c56da19622 is at code_begin+962 in an Interpreter codelet
method entry point (kind = native)  [0x000001c56da19260, 0x000001c56da19d00]  2720 bytes
R11=0x000000005d95ea10 is an unknown value
R12=0x0000000000000001 is an unknown value
R13={method} {0x000001c509383f18} 'nalcCreateContext' '(JJ)J' in 'org/lwjgl/openal/ALC10'
R14=0x0000006e268fcf00 is pointing into the stack for thread: 0x000001c56c0dd800
R15=0x000001c56c0dd800 is a thread


Stack: [0x0000006e26800000,0x0000006e26900000],  sp=0x0000006e268fcd60,  free space=1011k
Native frames: (J=compiled Java code, j=interpreted, Vv=VM code, C=native code)
C  [OpenAL64.dll+0x11066]
C  [OpenAL64.dll+0x1248f]
C  0x000001c56da1964e

Java frames: (J=compiled Java code, j=interpreted, Vv=VM code)
j  org.lwjgl.openal.ALC10.nalcCreateContext(JJ)J+0
j  org.lwjgl.openal.ALC10.alcCreateContext(Lorg/lwjgl/openal/ALCdevice;Ljava/nio/IntBuffer;)Lorg/lwjgl/openal/ALCcontext;+8
j  org.lwjgl.openal.AL.init(Ljava/lang/String;IIZZ)V+69
j  org.lwjgl.openal.AL.create(Ljava/lang/String;IIZZ)V+246
j  org.lwjgl.openal.AL.create(Ljava/lang/String;IIZ)V+5
j  org.lwjgl.openal.AL.create()V+6
j  com.badlogic.gdx.backends.lwjgl.audio.OpenALAudio.<init>(III)V+114
j  com.badlogic.gdx.backends.lwjgl.LwjglApplication.<init>(Lcom/badlogic/gdx/ApplicationListener;Lcom/badlogic/gdx/backends/lwjgl/LwjglApplicationConfiguration;Lcom/badlogic/gdx/backends/lwjgl/LwjglGraphics;)V+120
j  com.badlogic.gdx.backends.lwjgl.LwjglApplication.<init>(Lcom/badlogic/gdx/ApplicationListener;Lcom/badlogic/gdx/backends/lwjgl/LwjglApplicationConfiguration;)V+11
j  org.uqbar.project.wollok.game.gameboard.WollokGDXApplication.<init>(Lorg/uqbar/project/wollok/game/gameboard/Gameboard;Ljava/lang/Boolean;)V+17
j  org.uqbar.project.wollok.game.helpers.Application.start(Lorg/uqbar/project/wollok/game/gameboard/Gameboard;Ljava/lang/Boolean;)V+5
j  org.uqbar.project.wollok.game.gameboard.Gameboard.start(Ljava/lang/Boolean;)V+13
j  wollok.game.GameObject.doStart(Ljava/lang/Boolean;)V+12
v  ~StubRoutines::call_stub
j  sun.reflect.NativeMethodAccessorImpl.invoke0(Ljava/lang/reflect/Method;Ljava/lang/Object;[Ljava/lang/Object;)Ljava/lang/Object;+0
j  sun.reflect.NativeMethodAccessorImpl.invoke(Ljava/lang/Object;[Ljava/lang/Object;)Ljava/lang/Object;+100
J 2537 C1 sun.reflect.DelegatingMethodAccessorImpl.invoke(Ljava/lang/Object;[Ljava/lang/Object;)Ljava/lang/Object; (10 bytes) @ 0x000001c56e251144 [0x000001c56e251040+0x104]
J 2472 C1 java.lang.reflect.Method.invoke(Ljava/lang/Object;[Ljava/lang/Object;)Ljava/lang/Object; (62 bytes) @ 0x000001c56e2351ac [0x000001c56e234dc0+0x3ec]
j  org.uqbar.project.wollok.ui.utils.XTendUtilExtensions.invokeConvertingArgs(Ljava/lang/reflect/Method;Ljava/lang/Object;[Ljava/lang/Object;)Lorg/uqbar/project/wollok/interpreter/core/WollokObject;+261
j  org.uqbar.project.wollok.interpreter.AbstractWollokCallable._invokeNative(Ljava/lang/Object;Ljava/lang/String;[Lorg/uqbar/project/wollok/interpreter/core/WollokObject;)Lorg/uqbar/project/wollok/interpreter/core/WollokObject;+41
j  org.uqbar.project.wollok.interpreter.AbstractWollokCallable.invokeNative(Ljava/lang/Object;Ljava/lang/String;[Lorg/uqbar/project/wollok/interpreter/core/WollokObject;)Lorg/uqbar/project/wollok/interpreter/core/WollokObject;+26
j  org.uqbar.project.wollok.interpreter.AbstractWollokCallable$1.apply()Lorg/uqbar/project/wollok/interpreter/core/WollokObject;+55
j  org.uqbar.project.wollok.interpreter.AbstractWollokCallable$1.apply()Ljava/lang/Object;+1
j  org.uqbar.project.wollok.interpreter.threads.WThread.performOnStack(Lorg/eclipse/emf/ecore/EObject;Lorg/uqbar/project/wollok/interpreter/context/EvaluationContext;Lorg/eclipse/xtext/xbase/lib/Functions$Function0;)Lorg/uqbar/project/wollok/interpreter/core/WollokObject;+29
j  org.uqbar.project.wollok.interpreter.WollokInterpreter.performOnStack(Lorg/eclipse/emf/ecore/EObject;Lorg/uqbar/project/wollok/interpreter/context/EvaluationContext;Lorg/eclipse/xtext/xbase/lib/Functions$Function0;)Lorg/uqbar/project/wollok/interpreter/core/WollokObject;+7
j  org.uqbar.project.wollok.interpreter.AbstractWollokCallable.call(Lorg/uqbar/project/wollok/wollokDsl/WMethodDeclaration;[Lorg/uqbar/project/wollok/interpreter/core/WollokObject;)Lorg/uqbar/project/wollok/interpreter/core/WollokObject;+38
j  org.uqbar.project.wollok.interpreter.core.WollokObject.call(Ljava/lang/String;[Lorg/uqbar/project/wollok/interpreter/core/WollokObject;)Lorg/uqbar/project/wollok/interpreter/core/WollokObject;+55
j  org.uqbar.project.wollok.interpreter.WollokInterpreterEvaluator._evaluate(Lorg/uqbar/project/wollok/wollokDsl/WFeatureCall;)Lorg/uqbar/project/wollok/interpreter/core/WollokObject;+119
j  org.uqbar.project.wollok.launch.WollokLauncherInterpreterEvaluator.evaluate(Lorg/eclipse/emf/ecore/EObject;)Lorg/uqbar/project/wollok/interpreter/core/WollokObject;+412
j  org.uqbar.project.wollok.interpreter.WollokInterpreterEvaluator.evaluate(Lorg/eclipse/emf/ecore/EObject;)Ljava/lang/Object;+2
j  org.uqbar.project.wollok.interpreter.WollokInterpreter.eval(Lorg/eclipse/emf/ecore/EObject;)Lorg/uqbar/project/wollok/interpreter/core/WollokObject;+63
j  org.uqbar.project.wollok.interpreter.WollokInterpreterEvaluator.eval(Lorg/eclipse/emf/ecore/EObject;)Lorg/uqbar/project/wollok/interpreter/core/WollokObject;+5
j  org.uqbar.project.wollok.interpreter.WollokInterpreterEvaluator$1.apply(Lorg/uqbar/project/wollok/interpreter/core/WollokObject;Lorg/eclipse/emf/ecore/EObject;)Lorg/uqbar/project/wollok/interpreter/core/WollokObject;+5
j  org.uqbar.project.wollok.interpreter.WollokInterpreterEvaluator$1.apply(Ljava/lang/Object;Ljava/lang/Object;)Ljava/lang/Object;+9
j  org.eclipse.xtext.xbase.lib.IteratorExtensions.fold(Ljava/util/Iterator;Ljava/lang/Object;Lorg/eclipse/xtext/xbase/lib/Functions$Function2;)Ljava/lang/Object;+19
j  org.eclipse.xtext.xbase.lib.IterableExtensions.fold(Ljava/lang/Iterable;Ljava/lang/Object;Lorg/eclipse/xtext/xbase/lib/Functions$Function2;)Ljava/lang/Object;+8
j  org.uqbar.project.wollok.interpreter.WollokInterpreterEvaluator.evalAll(Ljava/lang/Iterable;)Lorg/uqbar/project/wollok/interpreter/core/WollokObject;+12
j  org.uqbar.project.wollok.interpreter.WollokInterpreterEvaluator._evaluate(Lorg/uqbar/project/wollok/wollokDsl/WBlockExpression;)Lorg/uqbar/project/wollok/interpreter/core/WollokObject;+34
j  org.uqbar.project.wollok.launch.WollokLauncherInterpreterEvaluator.evaluate(Lorg/eclipse/emf/ecore/EObject;)Lorg/uqbar/project/wollok/interpreter/core/WollokObject;+76
j  org.uqbar.project.wollok.interpreter.WollokInterpreterEvaluator.evaluate(Lorg/eclipse/emf/ecore/EObject;)Ljava/lang/Object;+2
j  org.uqbar.project.wollok.interpreter.WollokInterpreter.eval(Lorg/eclipse/emf/ecore/EObject;)Lorg/uqbar/project/wollok/interpreter/core/WollokObject;+63
j  org.uqbar.project.wollok.interpreter.AbstractWollokCallable.eval(Lorg/eclipse/emf/ecore/EObject;)Lorg/uqbar/project/wollok/interpreter/core/WollokObject;+5
j  org.uqbar.project.wollok.interpreter.AbstractWollokCallable$1.apply()Lorg/uqbar/project/wollok/interpreter/core/WollokObject;+110
j  org.uqbar.project.wollok.interpreter.AbstractWollokCallable$1.apply()Ljava/lang/Object;+1
j  org.uqbar.project.wollok.interpreter.threads.WThread.performOnStack(Lorg/eclipse/emf/ecore/EObject;Lorg/uqbar/project/wollok/interpreter/context/EvaluationContext;Lorg/eclipse/xtext/xbase/lib/Functions$Function0;)Lorg/uqbar/project/wollok/interpreter/core/WollokObject;+29
j  org.uqbar.project.wollok.interpreter.WollokInterpreter.performOnStack(Lorg/eclipse/emf/ecore/EObject;Lorg/uqbar/project/wollok/interpreter/context/EvaluationContext;Lorg/eclipse/xtext/xbase/lib/Functions$Function0;)Lorg/uqbar/project/wollok/interpreter/core/WollokObject;+7
j  org.uqbar.project.wollok.interpreter.AbstractWollokCallable.call(Lorg/uqbar/project/wollok/wollokDsl/WMethodDeclaration;[Lorg/uqbar/project/wollok/interpreter/core/WollokObject;)Lorg/uqbar/project/wollok/interpreter/core/WollokObject;+38
j  org.uqbar.project.wollok.interpreter.core.WollokObject.call(Ljava/lang/String;[Lorg/uqbar/project/wollok/interpreter/core/WollokObject;)Lorg/uqbar/project/wollok/interpreter/core/WollokObject;+55
j  org.uqbar.project.wollok.interpreter.WollokInterpreterEvaluator._evaluate(Lorg/uqbar/project/wollok/wollokDsl/WFeatureCall;)Lorg/uqbar/project/wollok/interpreter/core/WollokObject;+119
j  org.uqbar.project.wollok.launch.WollokLauncherInterpreterEvaluator.evaluate(Lorg/eclipse/emf/ecore/EObject;)Lorg/uqbar/project/wollok/interpreter/core/WollokObject;+412
j  org.uqbar.project.wollok.interpreter.WollokInterpreterEvaluator.evaluate(Lorg/eclipse/emf/ecore/EObject;)Ljava/lang/Object;+2
j  org.uqbar.project.wollok.interpreter.WollokInterpreter.eval(Lorg/eclipse/emf/ecore/EObject;)Lorg/uqbar/project/wollok/interpreter/core/WollokObject;+63
j  org.uqbar.project.wollok.interpreter.WollokInterpreterEvaluator.eval(Lorg/eclipse/emf/ecore/EObject;)Lorg/uqbar/project/wollok/interpreter/core/WollokObject;+5
j  org.uqbar.project.wollok.interpreter.WollokInterpreterEvaluator$1.apply(Lorg/uqbar/project/wollok/interpreter/core/WollokObject;Lorg/eclipse/emf/ecore/EObject;)Lorg/uqbar/project/wollok/interpreter/core/WollokObject;+5
j  org.uqbar.project.wollok.interpreter.WollokInterpreterEvaluator$1.apply(Ljava/lang/Object;Ljava/lang/Object;)Ljava/lang/Object;+9
j  org.eclipse.xtext.xbase.lib.IteratorExtensions.fold(Ljava/util/Iterator;Ljava/lang/Object;Lorg/eclipse/xtext/xbase/lib/Functions$Function2;)Ljava/lang/Object;+19
j  org.eclipse.xtext.xbase.lib.IterableExtensions.fold(Ljava/lang/Iterable;Ljava/lang/Object;Lorg/eclipse/xtext/xbase/lib/Functions$Function2;)Ljava/lang/Object;+8
j  org.uqbar.project.wollok.interpreter.WollokInterpreterEvaluator.evalAll(Ljava/lang/Iterable;)Lorg/uqbar/project/wollok/interpreter/core/WollokObject;+12
j  org.uqbar.project.wollok.interpreter.WollokInterpreterEvaluator._evaluate(Lorg/uqbar/project/wollok/wollokDsl/WProgram;)Lorg/uqbar/project/wollok/interpreter/core/WollokObject;+18
j  org.uqbar.project.wollok.launch.WollokLauncherInterpreterEvaluator.evaluate(Lorg/eclipse/emf/ecore/EObject;)Lorg/uqbar/project/wollok/interpreter/core/WollokObject;+444
j  org.uqbar.project.wollok.interpreter.WollokInterpreterEvaluator.evaluate(Lorg/eclipse/emf/ecore/EObject;)Ljava/lang/Object;+2
j  org.uqbar.project.wollok.interpreter.WollokInterpreter.eval(Lorg/eclipse/emf/ecore/EObject;)Lorg/uqbar/project/wollok/interpreter/core/WollokObject;+63
j  org.uqbar.project.wollok.interpreter.WollokInterpreterEvaluator.eval(Lorg/eclipse/emf/ecore/EObject;)Lorg/uqbar/project/wollok/interpreter/core/WollokObject;+5
j  org.uqbar.project.wollok.launch.WollokLauncherInterpreterEvaluator._evaluate(Lorg/uqbar/project/wollok/wollokDsl/WFile;)Lorg/uqbar/project/wollok/interpreter/core/WollokObject;+32
j  org.uqbar.project.wollok.launch.WollokLauncherInterpreterEvaluator.evaluate(Lorg/eclipse/emf/ecore/EObject;)Lorg/uqbar/project/wollok/interpreter/core/WollokObject;+428
j  org.uqbar.project.wollok.interpreter.WollokInterpreterEvaluator.evaluate(Lorg/eclipse/emf/ecore/EObject;)Ljava/lang/Object;+2
j  org.uqbar.project.wollok.interpreter.WollokInterpreter.interpret(Lorg/eclipse/emf/ecore/EObject;Ljava/lang/Boolean;)Lorg/uqbar/project/wollok/interpreter/core/WollokObject;+25
j  org.uqbar.project.wollok.interpreter.WollokInterpreter.interpret(Lorg/eclipse/emf/ecore/EObject;)Lorg/uqbar/project/wollok/interpreter/core/WollokObject;+8
j  org.uqbar.project.wollok.launch.WollokLauncher.doSomething(Lorg/uqbar/project/wollok/wollokDsl/WFile;Lcom/google/inject/Injector;Ljava/io/File;Lorg/uqbar/project/wollok/launch/WollokLauncherParameters;)V+109
j  org.uqbar.project.wollok.launch.WollokChecker.launch(Ljava/lang/String;Lorg/uqbar/project/wollok/launch/WollokLauncherParameters;)V+31
j  org.uqbar.project.wollok.launch.WollokChecker.doMain([Ljava/lang/String;)V+205
j  org.uqbar.project.wollok.launch.WollokLauncher.main([Ljava/lang/String;)V+8
v  ~StubRoutines::call_stub

---------------  P R O C E S S  ---------------

Java Threads: ( => current thread )
  0x000001c505337000 JavaThread "com.google.inject.internal.util.$Finalizer" daemon [_thread_blocked, id=9440, stack(0x0000006e27f00000,0x0000006e28000000)]
  0x000001c505428800 JavaThread "EMF Reference Cleaner" daemon [_thread_blocked, id=7132, stack(0x0000006e27e00000,0x0000006e27f00000)]
  0x000001c57e39d000 JavaThread "Service Thread" daemon [_thread_blocked, id=1600, stack(0x0000006e27c00000,0x0000006e27d00000)]
  0x000001c57e395800 JavaThread "C1 CompilerThread3" daemon [_thread_blocked, id=8904, stack(0x0000006e27b00000,0x0000006e27c00000)]
  0x000001c57e389000 JavaThread "C2 CompilerThread2" daemon [_thread_blocked, id=11848, stack(0x0000006e27a00000,0x0000006e27b00000)]
  0x000001c57e387000 JavaThread "C2 CompilerThread1" daemon [_thread_blocked, id=9824, stack(0x0000006e27900000,0x0000006e27a00000)]
  0x000001c57e383800 JavaThread "C2 CompilerThread0" daemon [_thread_blocked, id=10120, stack(0x0000006e27800000,0x0000006e27900000)]
  0x000001c57e382800 JavaThread "Attach Listener" daemon [_thread_blocked, id=11604, stack(0x0000006e27700000,0x0000006e27800000)]
  0x000001c57e376000 JavaThread "Signal Dispatcher" daemon [_thread_blocked, id=11368, stack(0x0000006e27600000,0x0000006e27700000)]
  0x000001c57e353800 JavaThread "Finalizer" daemon [_thread_blocked, id=8768, stack(0x0000006e27500000,0x0000006e27600000)]
  0x000001c57e348800 JavaThread "Reference Handler" daemon [_thread_blocked, id=3812, stack(0x0000006e27400000,0x0000006e27500000)]
=>0x000001c56c0dd800 JavaThread "main" [_thread_in_native, id=12100, stack(0x0000006e26800000,0x0000006e26900000)]

Other Threads:
  0x000001c57e318800 VMThread [stack: 0x0000006e27300000,0x0000006e27400000] [id=13684]
  0x000001c57e39e000 WatcherThread [stack: 0x0000006e27d00000,0x0000006e27e00000] [id=13736]

VM state:not at safepoint (normal execution)

VM Mutex/Monitor currently owned by a thread: None

heap address: 0x0000000081200000, size: 2030 MB, Compressed Oops mode: 32-bit
Narrow klass base: 0x0000000000000000, Narrow klass shift: 3
Compressed class space size: 1073741824 Address: 0x0000000100000000

Heap:
 PSYoungGen      total 138240K, used 5700K [0x00000000d5b80000, 0x00000000de780000, 0x0000000100000000)
  eden space 133120K, 4% used [0x00000000d5b80000,0x00000000d61110c8,0x00000000ddd80000)
  from space 5120K, 0% used [0x00000000de280000,0x00000000de280000,0x00000000de780000)
  to   space 5120K, 0% used [0x00000000ddd80000,0x00000000ddd80000,0x00000000de280000)
 ParOldGen       total 94208K, used 25613K [0x0000000081200000, 0x0000000086e00000, 0x00000000d5b80000)
  object space 94208K, 27% used [0x0000000081200000,0x0000000082b037e0,0x0000000086e00000)
 Metaspace       used 21085K, capacity 21346K, committed 21504K, reserved 1069056K
  class space    used 2663K, capacity 2751K, committed 2816K, reserved 1048576K

Card table byte_map: [0x000001c57cdc0000,0x000001c57d1c0000] byte_map_base: 0x000001c57c9b7000

Marking Bits: (ParMarkBitMap*) 0x000000005df47790
 Begin Bits: [0x000001c500000000, 0x000001c501fb8000)
 End Bits:   [0x000001c501fb8000, 0x000001c503f70000)

Polling page: 0x000001c56c210000

CodeCache: size=245760Kb used=10456Kb max_used=10468Kb free=235303Kb
 bounds [0x000001c56da00000, 0x000001c56e450000, 0x000001c57ca00000]
 total_blobs=3747 nmethods=3305 adapters=352
 compilation: enabled

Compilation events (10 events):
Event: 1.974 Thread 0x000001c57e389000 nmethod 3301 0x000001c56e4367d0 code [0x000001c56e436900, 0x000001c56e4369d8]
Event: 1.974 Thread 0x000001c57e383800 nmethod 3294 0x000001c56e43db10 code [0x000001c56e43dc80, 0x000001c56e43e308]
Event: 1.974 Thread 0x000001c57e395800 3302       3       java.nio.DirectByteBuffer::put (18 bytes)
Event: 1.974 Thread 0x000001c57e395800 nmethod 3302 0x000001c56e437e10 code [0x000001c56e437f80, 0x000001c56e4381f8]
Event: 1.974 Thread 0x000001c57e395800 3303       3       java.nio.DirectByteBuffer::ix (10 bytes)
Event: 1.974 Thread 0x000001c57e395800 nmethod 3303 0x000001c56e437ad0 code [0x000001c56e437c20, 0x000001c56e437d78]
Event: 1.975 Thread 0x000001c57e395800 3305       3       java.nio.DirectByteBuffer::put (18 bytes)
Event: 1.975 Thread 0x000001c57e395800 nmethod 3305 0x000001c56e4375d0 code [0x000001c56e437740, 0x000001c56e4379b8]
Event: 1.975 Thread 0x000001c57e395800 3306       1       java.nio.DirectByteBuffer::ix (10 bytes)
Event: 1.975 Thread 0x000001c57e395800 nmethod 3306 0x000001c56e437310 code [0x000001c56e437460, 0x000001c56e437578]

GC Heap History (10 events):
Event: 0.321 GC heap before
{Heap before GC invocations=1 (full 0):
 PSYoungGen      total 38400K, used 33280K [0x00000000d5b80000, 0x00000000d8600000, 0x0000000100000000)
  eden space 33280K, 100% used [0x00000000d5b80000,0x00000000d7c00000,0x00000000d7c00000)
  from space 5120K, 0% used [0x00000000d8100000,0x00000000d8100000,0x00000000d8600000)
  to   space 5120K, 0% used [0x00000000d7c00000,0x00000000d7c00000,0x00000000d8100000)
 ParOldGen       total 87552K, used 0K [0x0000000081200000, 0x0000000086780000, 0x00000000d5b80000)
  object space 87552K, 0% used [0x0000000081200000,0x0000000081200000,0x0000000086780000)
 Metaspace       used 5665K, capacity 5746K, committed 5888K, reserved 1056768K
  class space    used 617K, capacity 659K, committed 768K, reserved 1048576K
Event: 0.325 GC heap after
Heap after GC invocations=1 (full 0):
 PSYoungGen      total 38400K, used 5107K [0x00000000d5b80000, 0x00000000da680000, 0x0000000100000000)
  eden space 33280K, 0% used [0x00000000d5b80000,0x00000000d5b80000,0x00000000d7c00000)
  from space 5120K, 99% used [0x00000000d7c00000,0x00000000d80fcef0,0x00000000d8100000)
  to   space 5120K, 0% used [0x00000000da180000,0x00000000da180000,0x00000000da680000)
 ParOldGen       total 87552K, used 1864K [0x0000000081200000, 0x0000000086780000, 0x00000000d5b80000)
  object space 87552K, 2% used [0x0000000081200000,0x00000000813d2048,0x0000000086780000)
 Metaspace       used 5665K, capacity 5746K, committed 5888K, reserved 1056768K
  class space    used 617K, capacity 659K, committed 768K, reserved 1048576K
}
Event: 0.536 GC heap before
{Heap before GC invocations=2 (full 0):
 PSYoungGen      total 38400K, used 38387K [0x00000000d5b80000, 0x00000000da680000, 0x0000000100000000)
  eden space 33280K, 100% used [0x00000000d5b80000,0x00000000d7c00000,0x00000000d7c00000)
  from space 5120K, 99% used [0x00000000d7c00000,0x00000000d80fcef0,0x00000000d8100000)
  to   space 5120K, 0% used [0x00000000da180000,0x00000000da180000,0x00000000da680000)
 ParOldGen       total 87552K, used 1864K [0x0000000081200000, 0x0000000086780000, 0x00000000d5b80000)
  object space 87552K, 2% used [0x0000000081200000,0x00000000813d2048,0x0000000086780000)
 Metaspace       used 8459K, capacity 8536K, committed 8832K, reserved 1056768K
  class space    used 1018K, capacity 1076K, committed 1152K, reserved 1048576K
Event: 0.543 GC heap after
Heap after GC invocations=2 (full 0):
 PSYoungGen      total 71680K, used 5118K [0x00000000d5b80000, 0x00000000da680000, 0x0000000100000000)
  eden space 66560K, 0% used [0x00000000d5b80000,0x00000000d5b80000,0x00000000d9c80000)
  from space 5120K, 99% used [0x00000000da180000,0x00000000da67fa38,0x00000000da680000)
  to   space 5120K, 0% used [0x00000000d9c80000,0x00000000d9c80000,0x00000000da180000)
 ParOldGen       total 87552K, used 13749K [0x0000000081200000, 0x0000000086780000, 0x00000000d5b80000)
  object space 87552K, 15% used [0x0000000081200000,0x0000000081f6d518,0x0000000086780000)
 Metaspace       used 8459K, capacity 8536K, committed 8832K, reserved 1056768K
  class space    used 1018K, capacity 1076K, committed 1152K, reserved 1048576K
}
Event: 1.120 GC heap before
{Heap before GC invocations=3 (full 0):
 PSYoungGen      total 71680K, used 71678K [0x00000000d5b80000, 0x00000000da680000, 0x0000000100000000)
  eden space 66560K, 100% used [0x00000000d5b80000,0x00000000d9c80000,0x00000000d9c80000)
  from space 5120K, 99% used [0x00000000da180000,0x00000000da67fa38,0x00000000da680000)
  to   space 5120K, 0% used [0x00000000d9c80000,0x00000000d9c80000,0x00000000da180000)
 ParOldGen       total 87552K, used 13749K [0x0000000081200000, 0x0000000086780000, 0x00000000d5b80000)
  object space 87552K, 15% used [0x0000000081200000,0x0000000081f6d518,0x0000000086780000)
 Metaspace       used 16002K, capacity 16154K, committed 16256K, reserved 1062912K
  class space    used 2066K, capacity 2111K, committed 2176K, reserved 1048576K
Event: 1.129 GC heap after
Heap after GC invocations=3 (full 0):
 PSYoungGen      total 71680K, used 5113K [0x00000000d5b80000, 0x00000000de780000, 0x0000000100000000)
  eden space 66560K, 0% used [0x00000000d5b80000,0x00000000d5b80000,0x00000000d9c80000)
  from space 5120K, 99% used [0x00000000d9c80000,0x00000000da17e4e0,0x00000000da180000)
  to   space 5120K, 0% used [0x00000000de280000,0x00000000de280000,0x00000000de780000)
 ParOldGen       total 87552K, used 28879K [0x0000000081200000, 0x0000000086780000, 0x00000000d5b80000)
  object space 87552K, 32% used [0x0000000081200000,0x0000000082e33c48,0x0000000086780000)
 Metaspace       used 16002K, capacity 16154K, committed 16256K, reserved 1062912K
  class space    used 2066K, capacity 2111K, committed 2176K, reserved 1048576K
}
Event: 1.926 GC heap before
{Heap before GC invocations=4 (full 0):
 PSYoungGen      total 71680K, used 61269K [0x00000000d5b80000, 0x00000000de780000, 0x0000000100000000)
  eden space 66560K, 84% used [0x00000000d5b80000,0x00000000d92571f0,0x00000000d9c80000)
  from space 5120K, 99% used [0x00000000d9c80000,0x00000000da17e4e0,0x00000000da180000)
  to   space 5120K, 0% used [0x00000000de280000,0x00000000de280000,0x00000000de780000)
 ParOldGen       total 87552K, used 28879K [0x0000000081200000, 0x0000000086780000, 0x00000000d5b80000)
  object space 87552K, 32% used [0x0000000081200000,0x0000000082e33c48,0x0000000086780000)
 Metaspace       used 20896K, capacity 21122K, committed 21248K, reserved 1067008K
  class space    used 2634K, capacity 2719K, committed 2816K, reserved 1048576K
Event: 1.933 GC heap after
Heap after GC invocations=4 (full 0):
 PSYoungGen      total 138240K, used 5113K [0x00000000d5b80000, 0x00000000de780000, 0x0000000100000000)
  eden space 133120K, 0% used [0x00000000d5b80000,0x00000000d5b80000,0x00000000ddd80000)
  from space 5120K, 99% used [0x00000000de280000,0x00000000de77e4e0,0x00000000de780000)
  to   space 5120K, 0% used [0x00000000ddd80000,0x00000000ddd80000,0x00000000de280000)
 ParOldGen       total 87552K, used 35667K [0x0000000081200000, 0x0000000086780000, 0x00000000d5b80000)
  object space 87552K, 40% used [0x0000000081200000,0x00000000834d4e88,0x0000000086780000)
 Metaspace       used 20896K, capacity 21122K, committed 21248K, reserved 1067008K
  class space    used 2634K, capacity 2719K, committed 2816K, reserved 1048576K
}
Event: 1.933 GC heap before
{Heap before GC invocations=5 (full 1):
 PSYoungGen      total 138240K, used 5113K [0x00000000d5b80000, 0x00000000de780000, 0x0000000100000000)
  eden space 133120K, 0% used [0x00000000d5b80000,0x00000000d5b80000,0x00000000ddd80000)
  from space 5120K, 99% used [0x00000000de280000,0x00000000de77e4e0,0x00000000de780000)
  to   space 5120K, 0% used [0x00000000ddd80000,0x00000000ddd80000,0x00000000de280000)
 ParOldGen       total 87552K, used 35667K [0x0000000081200000, 0x0000000086780000, 0x00000000d5b80000)
  object space 87552K, 40% used [0x0000000081200000,0x00000000834d4e88,0x0000000086780000)
 Metaspace       used 20896K, capacity 21122K, committed 21248K, reserved 1067008K
  class space    used 2634K, capacity 2719K, committed 2816K, reserved 1048576K
Event: 1.968 GC heap after
Heap after GC invocations=5 (full 1):
 PSYoungGen      total 138240K, used 0K [0x00000000d5b80000, 0x00000000de780000, 0x0000000100000000)
  eden space 133120K, 0% used [0x00000000d5b80000,0x00000000d5b80000,0x00000000ddd80000)
  from space 5120K, 0% used [0x00000000de280000,0x00000000de280000,0x00000000de780000)
  to   space 5120K, 0% used [0x00000000ddd80000,0x00000000ddd80000,0x00000000de280000)
 ParOldGen       total 94208K, used 25613K [0x0000000081200000, 0x0000000086e00000, 0x00000000d5b80000)
  object space 94208K, 27% used [0x0000000081200000,0x0000000082b037e0,0x0000000086e00000)
 Metaspace       used 20896K, capacity 21122K, committed 21248K, reserved 1067008K
  class space    used 2634K, capacity 2719K, committed 2816K, reserved 1048576K
}

Deoptimization events (10 events):
Event: 1.508 Thread 0x000001c56c0dd800 Uncommon trap: reason=unstable_if action=reinterpret pc=0x000001c56e22ddd8 method=org.eclipse.emf.common.notify.impl.NotifierImpl.eAdapters()Lorg/eclipse/emf/common/util/EList; @ 4
Event: 1.509 Thread 0x000001c56c0dd800 Uncommon trap: reason=unstable_if action=reinterpret pc=0x000001c56e27a1a8 method=org.eclipse.emf.common.notify.impl.BasicNotifierImpl$EAdapterList.data()[Ljava/lang/Object; @ 16
Event: 1.511 Thread 0x000001c56c0dd800 Uncommon trap: reason=class_check action=maybe_recompile pc=0x000001c56e103f88 method=org.eclipse.xtext.nodemodel.impl.NodeModelBuilder.addChild(Lorg/eclipse/xtext/nodemodel/ICompositeNode;Lorg/eclipse/xtext/nodemodel/impl/AbstractNode;)V @ 6
Event: 1.513 Thread 0x000001c56c0dd800 Uncommon trap: reason=unstable_if action=reinterpret pc=0x000001c56e2a2454 method=org.eclipse.emf.common.notify.impl.BasicNotifierImpl$EAdapterList.getAdapterForType(Ljava/lang/Object;)Lorg/eclipse/emf/common/notify/Adapter; @ 50
Event: 1.524 Thread 0x000001c56c0dd800 Uncommon trap: reason=unstable_if action=reinterpret pc=0x000001c56e295e04 method=org.eclipse.emf.common.notify.impl.BasicNotifierImpl$EAdapterList.getAdapterForType(Ljava/lang/Object;)Lorg/eclipse/emf/common/notify/Adapter; @ 50
Event: 1.524 Thread 0x000001c56c0dd800 Uncommon trap: reason=unstable_if action=reinterpret pc=0x000001c56e28c0bc method=org.eclipse.emf.common.notify.impl.BasicNotifierImpl$EAdapterList.data()[Ljava/lang/Object; @ 16
Event: 1.562 Thread 0x000001c56c0dd800 Uncommon trap: reason=unstable_if action=reinterpret pc=0x000001c56df34d68 method=java.util.concurrent.ConcurrentHashMap.putVal(Ljava/lang/Object;Ljava/lang/Object;Z)Ljava/lang/Object; @ 181
Event: 1.590 Thread 0x000001c56c0dd800 Uncommon trap: reason=class_check action=maybe_recompile pc=0x000001c56e103508 method=org.eclipse.xtext.nodemodel.impl.NodeModelBuilder.addChild(Lorg/eclipse/xtext/nodemodel/ICompositeNode;Lorg/eclipse/xtext/nodemodel/impl/AbstractNode;)V @ 6
Event: 1.596 Thread 0x000001c56c0dd800 Uncommon trap: reason=unstable_if action=reinterpret pc=0x000001c56e2203f0 method=org.eclipse.xtext.nodemodel.impl.InternalNodeModelUtils.computeLineBreaks(Ljava/lang/String;)[I @ 37
Event: 1.751 Thread 0x000001c56c0dd800 Uncommon trap: reason=unstable_if action=reinterpret pc=0x000001c56ddcf578 method=java.io.WinNTFileSystem.normalize(Ljava/lang/String;)Ljava/lang/String; @ 49

Classes redefined (0 events):
No events

Internal exceptions (10 events):
Event: 1.683 Thread 0x000001c56c0dd800 Exception <a 'java/lang/reflect/InvocationTargetException'> (0x00000000d88269b8) thrown at [J:\jenkins\tmp\workspace\build\src\hotspot\src\share\vm\runtime\reflection.cpp, line 1092]
Event: 1.685 Thread 0x000001c56c0dd800 Exception <a 'java/lang/reflect/InvocationTargetException'> (0x00000000d8867990) thrown at [J:\jenkins\tmp\workspace\build\src\hotspot\src\share\vm\runtime\reflection.cpp, line 1092]
Event: 1.685 Thread 0x000001c56c0dd800 Exception <a 'java/lang/reflect/InvocationTargetException'> (0x00000000d88834c0) thrown at [J:\jenkins\tmp\workspace\build\src\hotspot\src\share\vm\runtime\reflection.cpp, line 1092]
Event: 1.686 Thread 0x000001c56c0dd800 Exception <a 'java/lang/reflect/InvocationTargetException'> (0x00000000d889f030) thrown at [J:\jenkins\tmp\workspace\build\src\hotspot\src\share\vm\runtime\reflection.cpp, line 1092]
Event: 1.981 Thread 0x000001c56c0dd800 Exception <a 'java/security/PrivilegedActionException'> (0x00000000d5c77630) thrown at [J:\jenkins\tmp\workspace\build\src\hotspot\src\share\vm\prims\jvm.cpp, line 1512]
Event: 1.981 Thread 0x000001c56c0dd800 Exception <a 'java/security/PrivilegedActionException'> (0x00000000d5c78b60) thrown at [J:\jenkins\tmp\workspace\build\src\hotspot\src\share\vm\prims\jvm.cpp, line 1512]
Event: 1.981 Thread 0x000001c56c0dd800 Exception <a 'java/security/PrivilegedActionException'> (0x00000000d5c79f90) thrown at [J:\jenkins\tmp\workspace\build\src\hotspot\src\share\vm\prims\jvm.cpp, line 1512]
Event: 1.981 Thread 0x000001c56c0dd800 Exception <a 'java/security/PrivilegedActionException'> (0x00000000d5c7b650) thrown at [J:\jenkins\tmp\workspace\build\src\hotspot\src\share\vm\prims\jvm.cpp, line 1512]
Event: 1.981 Thread 0x000001c56c0dd800 Exception <a 'java/security/PrivilegedActionException'> (0x00000000d5c7ca48) thrown at [J:\jenkins\tmp\workspace\build\src\hotspot\src\share\vm\prims\jvm.cpp, line 1512]
Event: 1.981 Thread 0x000001c56c0dd800 Exception <a 'java/security/PrivilegedActionException'> (0x00000000d5c7de10) thrown at [J:\jenkins\tmp\workspace\build\src\hotspot\src\share\vm\prims\jvm.cpp, line 1512]

Events (10 events):
Event: 1.998 loading class org/lwjgl/openal/ALCdevice
Event: 1.998 loading class org/lwjgl/openal/ALCdevice done
Event: 1.998 loading class org/lwjgl/openal/ALCcontext
Event: 1.998 loading class org/lwjgl/openal/ALCcontext done
Event: 1.998 loading class java/nio/DirectIntBufferU
Event: 1.999 loading class java/nio/DirectIntBufferU done
Event: 1.999 loading class org/lwjgl/openal/Util
Event: 1.999 loading class org/lwjgl/openal/Util done
Event: 1.999 loading class org/lwjgl/openal/OpenALException
Event: 1.999 loading class org/lwjgl/openal/OpenALException done


Dynamic libraries:
0x00007ff7031a0000 - 0x00007ff7031da000 	C:\Program Files\AdoptOpenJDK\jdk-8.0.265.01-hotspot\bin\javaw.exe
0x00007ffe439e0000 - 0x00007ffe43bd0000 	C:\Windows\SYSTEM32\ntdll.dll
0x00007ffe43510000 - 0x00007ffe435c2000 	C:\Windows\System32\KERNEL32.DLL
0x00007ffe417e0000 - 0x00007ffe41a85000 	C:\Windows\System32\KERNELBASE.dll
0x00007ffe430f0000 - 0x00007ffe43193000 	C:\Windows\System32\ADVAPI32.dll
0x00007ffe42350000 - 0x00007ffe423ee000 	C:\Windows\System32\msvcrt.dll
0x00007ffe424d0000 - 0x00007ffe42567000 	C:\Windows\System32\sechost.dll
0x00007ffe42570000 - 0x00007ffe42690000 	C:\Windows\System32\RPCRT4.dll
0x00007ffe43270000 - 0x00007ffe43405000 	C:\Windows\System32\USER32.dll
0x00007ffe40b20000 - 0x00007ffe40b41000 	C:\Windows\System32\win32u.dll
0x00007ffe43410000 - 0x00007ffe43436000 	C:\Windows\System32\GDI32.dll
0x00007ffe40de0000 - 0x00007ffe40f76000 	C:\Windows\System32\gdi32full.dll
0x00007ffe40b70000 - 0x00007ffe40c0e000 	C:\Windows\System32\msvcp_win.dll
0x00007ffe40a20000 - 0x00007ffe40b1a000 	C:\Windows\System32\ucrtbase.dll
0x00007ffe30ec0000 - 0x00007ffe31144000 	C:\Windows\WinSxS\amd64_microsoft.windows.common-controls_6595b64144ccf1df_6.0.18362.1082_none_9e8193e1e45b25c1\COMCTL32.dll
0x00007ffe42c40000 - 0x00007ffe42f75000 	C:\Windows\System32\combase.dll
0x00007ffe40d60000 - 0x00007ffe40de0000 	C:\Windows\System32\bcryptPrimitives.dll
0x00007ffe430c0000 - 0x00007ffe430ee000 	C:\Windows\System32\IMM32.DLL
0x00007ffe2a190000 - 0x00007ffe2a27f000 	C:\Program Files\AdoptOpenJDK\jdk-8.0.265.01-hotspot\jre\bin\msvcr120.dll
0x00007ffe27dd0000 - 0x00007ffe27e76000 	C:\Program Files\AdoptOpenJDK\jdk-8.0.265.01-hotspot\jre\bin\msvcp120.dll
0x000000005d760000 - 0x000000005dfc6000 	C:\Program Files\AdoptOpenJDK\jdk-8.0.265.01-hotspot\jre\bin\server\jvm.dll
0x00007ffe43880000 - 0x00007ffe43888000 	C:\Windows\System32\PSAPI.DLL
0x00007ffe37410000 - 0x00007ffe3741a000 	C:\Windows\SYSTEM32\VERSION.dll
0x00007ffe3e7e0000 - 0x00007ffe3e804000 	C:\Windows\SYSTEM32\WINMM.dll
0x00007ffe3a290000 - 0x00007ffe3a299000 	C:\Windows\SYSTEM32\WSOCK32.dll
0x00007ffe43200000 - 0x00007ffe4326f000 	C:\Windows\System32\WS2_32.dll
0x00007ffe3e7b0000 - 0x00007ffe3e7dd000 	C:\Windows\SYSTEM32\WINMMBASE.dll
0x00007ffe41730000 - 0x00007ffe4177a000 	C:\Windows\System32\cfgmgr32.dll
0x00007ffe35ca0000 - 0x00007ffe35caf000 	C:\Program Files\AdoptOpenJDK\jdk-8.0.265.01-hotspot\jre\bin\verify.dll
0x00007ffe2c4f0000 - 0x00007ffe2c518000 	C:\Program Files\AdoptOpenJDK\jdk-8.0.265.01-hotspot\jre\bin\java.dll
0x00007ffe334c0000 - 0x00007ffe334d6000 	C:\Program Files\AdoptOpenJDK\jdk-8.0.265.01-hotspot\jre\bin\zip.dll
0x00007ffe41c60000 - 0x00007ffe42347000 	C:\Windows\System32\SHELL32.dll
0x00007ffe42f80000 - 0x00007ffe43029000 	C:\Windows\System32\shcore.dll
0x00007ffe40fb0000 - 0x00007ffe41730000 	C:\Windows\System32\windows.storage.dll
0x00007ffe408b0000 - 0x00007ffe408d3000 	C:\Windows\System32\profapi.dll
0x00007ffe40900000 - 0x00007ffe4094a000 	C:\Windows\System32\powrprof.dll
0x00007ffe408a0000 - 0x00007ffe408b0000 	C:\Windows\System32\UMPDC.dll
0x00007ffe431a0000 - 0x00007ffe431f2000 	C:\Windows\System32\shlwapi.dll
0x00007ffe40950000 - 0x00007ffe40961000 	C:\Windows\System32\kernel.appcore.dll
0x00007ffe40b50000 - 0x00007ffe40b67000 	C:\Windows\System32\cryptsp.dll
0x0000000065580000 - 0x0000000065616000 	C:\Users\AnormalG\AppData\Local\Temp\libgdxAnormalG\12dfaa03\gdx64.dll
0x00007ffe3fc60000 - 0x00007ffe3fc93000 	C:\Windows\system32\rsaenh.dll
0x00007ffe40f80000 - 0x00007ffe40fa6000 	C:\Windows\System32\bcrypt.dll
0x00007ffe407c0000 - 0x00007ffe407e5000 	C:\Windows\SYSTEM32\USERENV.dll
0x00007ffe402c0000 - 0x00007ffe402cc000 	C:\Windows\SYSTEM32\CRYPTBASE.dll
0x00007ffe333d0000 - 0x00007ffe333ea000 	C:\Program Files\AdoptOpenJDK\jdk-8.0.265.01-hotspot\jre\bin\net.dll
0x00007ffe400f0000 - 0x00007ffe40157000 	C:\Windows\system32\mswsock.dll
0x00007ffe3fe00000 - 0x00007ffe3fe3a000 	C:\Windows\SYSTEM32\IPHLPAPI.DLL
0x00007ffe42450000 - 0x00007ffe42458000 	C:\Windows\System32\NSI.dll
0x00007ffe3ae70000 - 0x00007ffe3ae86000 	C:\Windows\SYSTEM32\dhcpcsvc6.DLL
0x00007ffe3ae50000 - 0x00007ffe3ae6c000 	C:\Windows\SYSTEM32\dhcpcsvc.DLL
0x00007ffe3fe40000 - 0x00007ffe3ff0b000 	C:\Windows\SYSTEM32\DNSAPI.dll
0x00007ffe332f0000 - 0x00007ffe33302000 	C:\Program Files\AdoptOpenJDK\jdk-8.0.265.01-hotspot\jre\bin\nio.dll
0x0000000180000000 - 0x0000000180053000 	C:\Users\AnormalG\AppData\Local\Temp\libgdxAnormalG\dc0f0009\lwjgl64.dll
0x00007ffe13f30000 - 0x00007ffe14086000 	C:\Windows\SYSTEM32\OPENGL32.dll
0x00007ffe14ac0000 - 0x00007ffe14aec000 	C:\Windows\SYSTEM32\GLU32.dll
0x00007ffe3f4f0000 - 0x00007ffe3f510000 	C:\Windows\SYSTEM32\dxcore.dll
0x000001c508fa0000 - 0x000001c509004000 	C:\Users\AnormalG\AppData\Local\Temp\libgdxAnormalG\dc0f0009\OpenAL64.dll
0x00007ffe43720000 - 0x00007ffe43877000 	C:\Windows\System32\ole32.dll
0x00007ffe3eb50000 - 0x00007ffe3ebe9000 	C:\Windows\system32\uxtheme.dll
0x00007ffe43890000 - 0x00007ffe43932000 	C:\Windows\System32\clbcatq.dll
0x00007ffe15ba0000 - 0x00007ffe15c39000 	C:\Windows\SYSTEM32\dsound.dll
0x00007ffe3b580000 - 0x00007ffe3b5f2000 	C:\Windows\System32\MMDevApi.dll
0x00007ffe40690000 - 0x00007ffe406ba000 	C:\Windows\System32\DEVOBJ.dll
0x00007ffe3b9c0000 - 0x00007ffe3bb1d000 	C:\Windows\SYSTEM32\AUDIOSES.DLL
0x00007ffe43650000 - 0x00007ffe43715000 	C:\Windows\System32\OLEAUT32.dll
0x00007ffe3cc20000 - 0x00007ffe3cd73000 	C:\Windows\SYSTEM32\wintypes.dll
0x00007ffe38600000 - 0x00007ffe387f4000 	C:\Windows\SYSTEM32\dbghelp.dll

VM Arguments:
jvm_args: -Duser.language=es_AR -Dfile.encoding=UTF-8 
java_command: org.uqbar.project.wollok.launch.WollokLauncher -requestsPort 0 -eventsPort 0 -folder -dontValidate -wf src/game.wpgm
java_class_path (initial): C:\Users\AnormalG\Documents\PdP\OBJETOS\WOLLOK\workspace\git\2020-o-tpi-juego-5digos\bin;C:\Users\AnormalG\Documents\PdP\OBJETOS\WOLLOK\plugins\com.ibm.icu_64.2.0.v20190507-1337.jar;C:\Users\AnormalG\Documents\PdP\OBJETOS\WOLLOK\plugins\org.eclipse.xtext_2.20.0.v20191202-0915.jar;C:\Users\AnormalG\Documents\PdP\OBJETOS\WOLLOK\plugins\org.eclipse.emf.ecore.xmi_2.16.0.v20190528-0725.jar;C:\Users\AnormalG\Documents\PdP\OBJETOS\WOLLOK\plugins\org.eclipse.emf.ecore_2.20.0.v20190920-0401.jar;C:\Users\AnormalG\Documents\PdP\OBJETOS\WOLLOK\plugins\org.eclipse.emf.common_2.17.0.v20190920-0401.jar;C:\Users\AnormalG\Documents\PdP\OBJETOS\WOLLOK\plugins\org.antlr.runtime_3.2.0.v201101311130.jar;C:\Users\AnormalG\Documents\PdP\OBJETOS\WOLLOK\plugins\com.google.inject_3.0.0.v201605172100.jar;C:\Users\AnormalG\Documents\PdP\OBJETOS\WOLLOK\plugins\org.eclipse.emf.mwe.core_1.5.1.v20191121-1148.jar;C:\Users\AnormalG\Documents\PdP\OBJETOS\WOLLOK\plugins\org.apache.commons.cli_1.2.0.v201404270220.jar;C:\Users\AnormalG\Documents\PdP\OBJETOS\WOLLOK\plugins\org.eclipse.emf.mwe2.runtime_2.11.1.v20191121-1148.jar;C:\Users\AnormalG\Documents\PdP\OBJETOS\WOLLOK\plugins\org.eclipse.emf.mwe.utils_1.5.1.v20191121-1148.jar;C:\Users\AnormalG\Documents\PdP\OBJETOS\WOLLOK\plugins\org.eclipse.xtext.util_2.20.0.v20191202-0915.jar;C:\Users\AnormalG\Documents\PdP\OBJETOS\WOLLOK\plugins\com.google.guava_27.1.0.v20190517-1946.jar;C:\Users\AnormalG\Documents\PdP\OBJETOS\WOLLOK\plugins\javax.inject_1.0.0.v20091030.jar;C:\Users\AnormalG\Documents\PdP\OBJETOS\WOLLOK\plugins\org.eclipse.xtext.generator_2.20.0.v20191202-0933.jar;C:\Users\AnormalG\Documents\PdP\OBJETOS\WOLLOK\plugins\org.eclipse.xtext.xtext.generator_2.20.0.v20191202-0915.jar;C:\Users\AnormalG\Documents\PdP\OBJETOS\WOLLOK\plugins\org.eclipse.xtext.xbase.lib_2.20.0.v20191202-0907.jar;C:\Users\AnormalG\Documents\PdP\OBJETOS\WOLLOK\plugins\org.eclipse.emf.codegen.ecore_2.20.0.v20191012-0918.jar;C:\Users\AnormalG\Documen
Launcher Type: SUN_STANDARD

Environment Variables:
PATH=C:/Program Files/AdoptOpenJDK/jdk-8.0.265.01-hotspot/bin/../jre/bin/server;C:/Program Files/AdoptOpenJDK/jdk-8.0.265.01-hotspot/bin/../jre/bin;C:/Program Files/AdoptOpenJDK/jdk-8.0.265.01-hotspot/bin/../jre/lib/amd64;C:\Program Files\AdoptOpenJDK\jdk-8.0.265.01-hotspot\bin;C:\Program Files (x86)\Common Files\Intel\Shared Libraries\redist\ia32_win\compiler;C:\Program Files (x86)\Common Files\Intel\Shared Libraries\redist\intel64_win\compiler;C:\Program Files (x86)\Common Files\Oracle\Java\javapath;C:\Program Files (x86)\NVIDIA Corporation\PhysX\Common;C:\Windows\system32;C:\Windows;C:\Windows\System32\Wbem;C:\Windows\System32\WindowsPowerShell\v1.0\;C:\Windows\System32\OpenSSH\;C:\Program Files (x86)\QuickTime\QTSystem\;C:\Program Files\swipl\bin;C:\Program Files\Git\cmd;C:\Users\AnormalG\AppData\Roaming\local\bin;C:\Users\AnormalG\AppData\Local\Microsoft\WindowsApps;;C:\Users\AnormalG\AppData\Local\Programs\Microsoft VS Code\bin;C:\Users\AnormalG\Documents\PdP\OBJETOS\WOLLOK;
USERNAME=AnormalG
OS=Windows_NT
PROCESSOR_IDENTIFIER=AMD64 Family 23 Model 8 Stepping 2, AuthenticAMD



---------------  S Y S T E M  ---------------

OS: Windows 10.0 , 64 bit Build 18362 (10.0.18362.1082)

CPU:total 12 (initial active 12) (12 cores per cpu, 1 threads per core) family 23 model 8 stepping 2, cmov, cx8, fxsr, mmx, sse, sse2, sse3, ssse3, sse4.1, sse4.2, popcnt, avx, avx2, aes, clmul, mmxext, 3dnowpref, lzcnt, sse4a, tsc, tscinvbit, tscinv, bmi1

Memory: 4k page, physical 8313468k(2607960k free), swap 19323516k(7831416k free)

vm_info: OpenJDK 64-Bit Server VM (25.265-b01) for windows-amd64 JRE (1.8.0_265-b01), built on Jul 28 2020 15:11:27 by "jenkins" with MS VC++ 12.0 (VS2013)

time: Tue Oct 13 18:54:05 2020
timezone: Hora estándar de Argentina
elapsed time: 2 seconds (0d 0h 0m 2s)

